<?xml version="1.0" encoding="UTF-8" ?>
<testsuite tests="8" failures="8" name="figures.classes.MainTest" time="0.001" errors="0" skipped="0">
  <properties>
[...]
</properties>
  <testcase classname="figures.classes.MainTest" name="figures.classes.MainTest.test_polyline" time="0">
    <failure message="org/junit/Assert" type="java.lang.NoClassDefFoundError">java.lang.NoClassDefFoundError: org/junit/Assert
	at figures.classes.MainTest.test_polyline(MainTest.java:47)
Caused by: java.lang.ClassNotFoundException: org.junit.Assert
	at java.base/jdk.internal.loader.BuiltinClassLoader.loadClass(BuiltinClassLoader.java:641)
	at java.base/jdk.internal.loader.ClassLoaders$AppClassLoader.loadClass(ClassLoaders.java:188)
	at java.base/java.lang.ClassLoader.loadClass(ClassLoader.java:521)
	... 15 more
</failure>
  </testcase>
  <testcase classname="figures.classes.MainTest" name="figures.classes.MainTest.test_qgon" time="0">
    <failure message="org/junit/Assert" type="java.lang.NoClassDefFoundError">java.lang.NoClassDefFoundError: org/junit/Assert
	at figures.classes.MainTest.test_qgon(MainTest.java:98)
Caused by: java.lang.ClassNotFoundException: org.junit.Assert
	... 15 more
</failure>
  </testcase>
  <testcase classname="figures.classes.MainTest" name="figures.classes.MainTest.test_rect" time="0">
    <failure message="org/junit/Assert" type="java.lang.NoClassDefFoundError">java.lang.NoClassDefFoundError: org/junit/Assert
	at figures.classes.MainTest.test_rect(MainTest.java:114)
Caused by: java.lang.ClassNotFoundException: org.junit.Assert
	... 15 more
</failure>
  </testcase>
  <testcase classname="figures.classes.MainTest" name="figures.classes.MainTest.test_trapeze" time="0">
    <failure message="org/junit/Assert" type="java.lang.NoClassDefFoundError">java.lang.NoClassDefFoundError: org/junit/Assert
	at figures.classes.MainTest.test_trapeze(MainTest.java:130)
Caused by: java.lang.ClassNotFoundException: org.junit.Assert
	... 15 more
</failure>
  </testcase>
  <testcase classname="figures.classes.MainTest" name="figures.classes.MainTest.test_ngon" time="0">
    <failure message="org/junit/Assert" type="java.lang.NoClassDefFoundError">java.lang.NoClassDefFoundError: org/junit/Assert
	at figures.classes.MainTest.test_ngon(MainTest.java:67)
Caused by: java.lang.ClassNotFoundException: org.junit.Assert
	... 15 more
</failure>
  </testcase>
  <testcase classname="figures.classes.MainTest" name="figures.classes.MainTest.test_tgon" time="0">
    <failure message="org/junit/Assert" type="java.lang.NoClassDefFoundError">java.lang.NoClassDefFoundError: org/junit/Assert
	at figures.classes.MainTest.test_tgon(MainTest.java:82)
Caused by: java.lang.ClassNotFoundException: org.junit.Assert
	... 15 more
</failure>
  </testcase>
  <testcase classname="figures.classes.MainTest" name="figures.classes.MainTest.test_circle" time="0">
    <failure message="org/junit/Assert" type="java.lang.NoClassDefFoundError">java.lang.NoClassDefFoundError: org/junit/Assert
	at figures.classes.MainTest.test_circle(MainTest.java:15)
Caused by: java.lang.ClassNotFoundException: org.junit.Assert
	... 15 more
</failure>
  </testcase>
  <testcase classname="figures.classes.MainTest" name="figures.classes.MainTest.test_segment" time="0.001">
    <failure message="org/junit/Assert" type="java.lang.NoClassDefFoundError">java.lang.NoClassDefFoundError: org/junit/Assert
	at figures.classes.MainTest.test_segment(MainTest.java:29)
Caused by: java.lang.ClassNotFoundException: org.junit.Assert
	... 15 more
</failure>
  </testcase>
</testsuite>